22:50:59.241 [main] DEBUG org.apache.poi.openxml4j.opc.PackageRelationshipCollection - Parsing relationship: /xl/_rels/workbook.xml.rels
22:50:59.263 [main] DEBUG org.apache.poi.openxml4j.opc.PackageRelationshipCollection - Parsing relationship: /xl/worksheets/_rels/sheet1.xml.rels
22:50:59.264 [main] DEBUG org.apache.poi.openxml4j.opc.PackageRelationshipCollection - Parsing relationship: /_rels/.rels
22:50:59.291 [main] DEBUG org.apache.poi.openxml4j.opc.PackageRelationshipCollection - Parsing relationship: /xl/_rels/workbook.xml.rels
22:50:59.293 [main] DEBUG org.apache.poi.openxml4j.opc.PackageRelationshipCollection - Parsing relationship: /xl/worksheets/_rels/sheet1.xml.rels
22:50:59.294 [main] DEBUG org.apache.poi.openxml4j.opc.PackageRelationshipCollection - Parsing relationship: /_rels/.rels
22:50:59.314 [main] DEBUG org.apache.poi.openxml4j.opc.PackageRelationshipCollection - Parsing relationship: /xl/_rels/workbook.xml.rels
22:50:59.316 [main] DEBUG org.apache.poi.openxml4j.opc.PackageRelationshipCollection - Parsing relationship: /xl/worksheets/_rels/sheet1.xml.rels
22:50:59.317 [main] DEBUG org.apache.poi.openxml4j.opc.PackageRelationshipCollection - Parsing relationship: /_rels/.rels
22:50:59.337 [main] DEBUG org.apache.poi.openxml4j.opc.PackageRelationshipCollection - Parsing relationship: /xl/_rels/workbook.xml.rels
22:50:59.338 [main] DEBUG org.apache.poi.openxml4j.opc.PackageRelationshipCollection - Parsing relationship: /xl/worksheets/_rels/sheet1.xml.rels
22:50:59.339 [main] DEBUG org.apache.poi.openxml4j.opc.PackageRelationshipCollection - Parsing relationship: /_rels/.rels
22:50:59.359 [main] DEBUG org.apache.poi.openxml4j.opc.PackageRelationshipCollection - Parsing relationship: /xl/_rels/workbook.xml.rels
22:50:59.360 [main] DEBUG org.apache.poi.openxml4j.opc.PackageRelationshipCollection - Parsing relationship: /xl/worksheets/_rels/sheet1.xml.rels
22:50:59.361 [main] DEBUG org.apache.poi.openxml4j.opc.PackageRelationshipCollection - Parsing relationship: /_rels/.rels
22:50:59.383 [main] DEBUG org.apache.poi.openxml4j.opc.PackageRelationshipCollection - Parsing relationship: /xl/_rels/workbook.xml.rels
22:50:59.384 [main] DEBUG org.apache.poi.openxml4j.opc.PackageRelationshipCollection - Parsing relationship: /xl/worksheets/_rels/sheet1.xml.rels
22:50:59.384 [main] DEBUG org.apache.poi.openxml4j.opc.PackageRelationshipCollection - Parsing relationship: /_rels/.rels
22:50:59.427 [main] DEBUG org.apache.poi.openxml4j.opc.PackageRelationshipCollection - Parsing relationship: /xl/_rels/workbook.xml.rels
22:50:59.429 [main] DEBUG org.apache.poi.openxml4j.opc.PackageRelationshipCollection - Parsing relationship: /xl/worksheets/_rels/sheet1.xml.rels
22:50:59.431 [main] DEBUG org.apache.poi.openxml4j.opc.PackageRelationshipCollection - Parsing relationship: /_rels/.rels
22:50:59.453 [main] DEBUG org.apache.poi.openxml4j.opc.PackageRelationshipCollection - Parsing relationship: /xl/_rels/workbook.xml.rels
22:50:59.453 [main] DEBUG org.apache.poi.openxml4j.opc.PackageRelationshipCollection - Parsing relationship: /xl/worksheets/_rels/sheet1.xml.rels
22:50:59.454 [main] DEBUG org.apache.poi.openxml4j.opc.PackageRelationshipCollection - Parsing relationship: /_rels/.rels
18:48:53.475 [main] INFO  testCases.TC1_AccountRegistrationTest - ****starting TC1_AccountRegistrationTest*****
18:48:53.964 [main] INFO  testCases.TC1_AccountRegistrationTest - clicked my account link
18:48:55.459 [main] INFO  testCases.TC1_AccountRegistrationTest - clicked register link
18:48:55.472 [main] INFO  testCases.TC1_AccountRegistrationTest - providing customer details
18:49:06.179 [main] INFO  testCases.TC1_AccountRegistrationTest - Validating expected msg
18:49:06.344 [main] INFO  testCases.TC1_AccountRegistrationTest - ***finished tc1 AccountRegistrationTest****
18:49:19.068 [main] INFO  testCases.TC2_LoginTest - ***starting TC2_LoginTest****
18:49:22.370 [main] INFO  testCases.TC2_LoginTest - ***Finished TC2_LoginTest****
19:04:26.405 [main] INFO  testCases.TC1_AccountRegistrationTest - ****starting TC1_AccountRegistrationTest*****
19:04:26.847 [main] INFO  testCases.TC1_AccountRegistrationTest - clicked my account link
19:04:27.752 [main] INFO  testCases.TC1_AccountRegistrationTest - clicked register link
19:04:27.757 [main] INFO  testCases.TC1_AccountRegistrationTest - providing customer details
19:04:30.201 [main] INFO  testCases.TC1_AccountRegistrationTest - Validating expected msg
19:04:30.237 [main] INFO  testCases.TC1_AccountRegistrationTest - ***finished tc1 AccountRegistrationTest****
19:04:37.375 [main] INFO  testCases.TC2_LoginTest - ***starting TC2_LoginTest****
19:04:39.299 [main] INFO  testCases.TC2_LoginTest - ***Finished TC2_LoginTest****
19:08:34.662 [main] INFO  testCases.TC1_AccountRegistrationTest - ****starting TC1_AccountRegistrationTest*****
19:08:34.869 [main] INFO  testCases.TC1_AccountRegistrationTest - clicked my account link
19:08:35.355 [main] INFO  testCases.TC1_AccountRegistrationTest - clicked register link
